2018-06-01 17:53:11.272  INFO 8184 --- [restartedMain] t.f.x.XiaoyuanxianyuApplication          : Starting XiaoyuanxianyuApplication on DESKTOP-QCJISRH with PID 8184 (D:\project\IdeaProjects\xiaoyuanxianyu\target\classes started by fanfp in D:\project\IdeaProjects\xiaoyuanxianyu)
2018-06-01 17:53:11.273  INFO 8184 --- [restartedMain] t.f.x.XiaoyuanxianyuApplication          : No active profile set, falling back to default profiles: default
2018-06-01 17:53:11.276  INFO 8184 --- [restartedMain] ConfigServletWebServerApplicationContext : Refreshing org.springframework.boot.web.servlet.context.AnnotationConfigServletWebServerApplicationContext@4bf701d5: startup date [Fri Jun 01 17:53:11 CST 2018]; root of context hierarchy
2018-06-01 17:53:11.766  INFO 8184 --- [restartedMain] trationDelegate$BeanPostProcessorChecker : Bean 'org.springframework.transaction.annotation.ProxyTransactionManagementConfiguration' of type [org.springframework.transaction.annotation.ProxyTransactionManagementConfiguration$$EnhancerBySpringCGLIB$$c28674fd] is not eligible for getting processed by all BeanPostProcessors (for example: not eligible for auto-proxying)
2018-06-01 17:53:11.870  INFO 8184 --- [restartedMain] o.s.b.w.embedded.tomcat.TomcatWebServer  : Tomcat initialized with port(s): 8080 (http)
2018-06-01 17:53:11.870  INFO 8184 --- [restartedMain] o.apache.catalina.core.StandardService   : Starting service [Tomcat]
2018-06-01 17:53:11.870  INFO 8184 --- [restartedMain] org.apache.catalina.core.StandardEngine  : Starting Servlet Engine: Apache Tomcat/8.5.29
2018-06-01 17:53:11.898  INFO 8184 --- [localhost-startStop-1] o.a.c.c.C.[Tomcat].[localhost].[/]       : Initializing Spring embedded WebApplicationContext
2018-06-01 17:53:11.899  INFO 8184 --- [localhost-startStop-1] o.s.web.context.ContextLoader            : Root WebApplicationContext: initialization completed in 623 ms
2018-06-01 17:53:11.925  INFO 8184 --- [localhost-startStop-1] o.s.b.w.servlet.ServletRegistrationBean  : Servlet dispatcherServlet mapped to [/]
2018-06-01 17:53:11.926  INFO 8184 --- [localhost-startStop-1] o.s.b.w.servlet.FilterRegistrationBean   : Mapping filter: 'characterEncodingFilter' to: [/*]
2018-06-01 17:53:11.926  INFO 8184 --- [localhost-startStop-1] o.s.b.w.servlet.FilterRegistrationBean   : Mapping filter: 'hiddenHttpMethodFilter' to: [/*]
2018-06-01 17:53:11.926  INFO 8184 --- [localhost-startStop-1] o.s.b.w.servlet.FilterRegistrationBean   : Mapping filter: 'httpPutFormContentFilter' to: [/*]
2018-06-01 17:53:11.926  INFO 8184 --- [localhost-startStop-1] o.s.b.w.servlet.FilterRegistrationBean   : Mapping filter: 'requestContextFilter' to: [/*]
2018-06-01 17:53:11.960  INFO 8184 --- [restartedMain] com.zaxxer.hikari.HikariDataSource       : HikariPool-3 - Starting...
2018-06-01 17:53:11.964  INFO 8184 --- [restartedMain] com.zaxxer.hikari.HikariDataSource       : HikariPool-3 - Start completed.
2018-06-01 17:53:11.970  INFO 8184 --- [restartedMain] j.LocalContainerEntityManagerFactoryBean : Building JPA container EntityManagerFactory for persistence unit 'default'
2018-06-01 17:53:12.027  INFO 8184 --- [restartedMain] j.LocalContainerEntityManagerFactoryBean : Initialized JPA EntityManagerFactory for persistence unit 'default'
2018-06-01 17:53:12.142  INFO 8184 --- [restartedMain] o.s.w.s.handler.SimpleUrlHandlerMapping  : Mapped URL path [/**/favicon.ico] onto handler of type [class org.springframework.web.servlet.resource.ResourceHttpRequestHandler]
2018-06-01 17:53:12.203  INFO 8184 --- [restartedMain] s.w.s.m.m.a.RequestMappingHandlerAdapter : Looking for @ControllerAdvice: org.springframework.boot.web.servlet.context.AnnotationConfigServletWebServerApplicationContext@4bf701d5: startup date [Fri Jun 01 17:53:11 CST 2018]; root of context hierarchy
2018-06-01 17:53:12.208  WARN 8184 --- [restartedMain] aWebConfiguration$JpaWebMvcConfiguration : spring.jpa.open-in-view is enabled by default. Therefore, database queries may be performed during view rendering. Explicitly configure spring.jpa.open-in-view to disable this warning
2018-06-01 17:53:12.212  INFO 8184 --- [restartedMain] s.w.s.m.m.a.RequestMappingHandlerMapping : Mapped "{[/api/comments/],methods=[POST]}" onto public void top.fanfpy.xiaoyuanxianyu.web.api.CommentsController.saveComments(top.fanfpy.xiaoyuanxianyu.entity.Comments)
2018-06-01 17:53:12.212  INFO 8184 --- [restartedMain] s.w.s.m.m.a.RequestMappingHandlerMapping : Mapped "{[/api/comments/{Commentsid}],methods=[DELETE]}" onto public void top.fanfpy.xiaoyuanxianyu.web.api.CommentsController.delComments(java.lang.Integer)
2018-06-01 17:53:12.213  INFO 8184 --- [restartedMain] s.w.s.m.m.a.RequestMappingHandlerMapping : Mapped "{[/api/comments/{goodId}],methods=[GET]}" onto public top.fanfpy.xiaoyuanxianyu.VO.ResultVO top.fanfpy.xiaoyuanxianyu.web.api.CommentsController.getCommentsByGoodsId(java.lang.Integer)
2018-06-01 17:53:12.216  INFO 8184 --- [restartedMain] s.w.s.m.m.a.RequestMappingHandlerMapping : Mapped "{[/api/goods/class],methods=[GET]}" onto public top.fanfpy.xiaoyuanxianyu.VO.ResultVO top.fanfpy.xiaoyuanxianyu.web.api.GoodsApiController.listClassifiction()
2018-06-01 17:53:12.216  INFO 8184 --- [restartedMain] s.w.s.m.m.a.RequestMappingHandlerMapping : Mapped "{[/api/goods/id/{id}],methods=[GET]}" onto public top.fanfpy.xiaoyuanxianyu.VO.ResultVO<java.lang.Object> top.fanfpy.xiaoyuanxianyu.web.api.GoodsApiController.getGoodsId(java.lang.Integer)
2018-06-01 17:53:12.216  INFO 8184 --- [restartedMain] s.w.s.m.m.a.RequestMappingHandlerMapping : Mapped "{[/api/goods/add],methods=[POST]}" onto public top.fanfpy.xiaoyuanxianyu.VO.ResultVO top.fanfpy.xiaoyuanxianyu.web.api.GoodsApiController.addGoods(top.fanfpy.xiaoyuanxianyu.entity.Goods)
2018-06-01 17:53:12.217  INFO 8184 --- [restartedMain] s.w.s.m.m.a.RequestMappingHandlerMapping : Mapped "{[/api/goods/hot/{num}],methods=[GET]}" onto public top.fanfpy.xiaoyuanxianyu.VO.ResultVO<java.lang.Object> top.fanfpy.xiaoyuanxianyu.web.api.GoodsApiController.getHotGoodsList(java.lang.Integer)
2018-06-01 17:53:12.217  INFO 8184 --- [restartedMain] s.w.s.m.m.a.RequestMappingHandlerMapping : Mapped "{[/api/goods/new/{num}],methods=[GET]}" onto public top.fanfpy.xiaoyuanxianyu.VO.ResultVO<java.lang.Object> top.fanfpy.xiaoyuanxianyu.web.api.GoodsApiController.getNewGoodsList(java.lang.Integer)
2018-06-01 17:53:12.217  INFO 8184 --- [restartedMain] s.w.s.m.m.a.RequestMappingHandlerMapping : Mapped "{[/api/goods/{id}],methods=[PUT]}" onto public void top.fanfpy.xiaoyuanxianyu.web.api.GoodsApiController.updateGoods(top.fanfpy.xiaoyuanxianyu.entity.Goods)
2018-06-01 17:53:12.217  INFO 8184 --- [restartedMain] s.w.s.m.m.a.RequestMappingHandlerMapping : Mapped "{[/api/goods/],methods=[POST]}" onto public void top.fanfpy.xiaoyuanxianyu.web.api.GoodsApiController.saveGoods(top.fanfpy.xiaoyuanxianyu.entity.Goods)
2018-06-01 17:53:12.218  INFO 8184 --- [restartedMain] s.w.s.m.m.a.RequestMappingHandlerMapping : Mapped "{[/api/img/add],methods=[POST]}" onto public top.fanfpy.xiaoyuanxianyu.entity.GoodsImg top.fanfpy.xiaoyuanxianyu.web.api.GoodsImgApiController.addImg(javax.servlet.http.HttpServletRequest,org.springframework.web.multipart.MultipartFile,java.lang.Integer)
2018-06-01 17:53:12.220  INFO 8184 --- [restartedMain] s.w.s.m.m.a.RequestMappingHandlerMapping : Mapped "{[/api/user/list],methods=[GET]}" onto public top.fanfpy.xiaoyuanxianyu.VO.ResultVO top.fanfpy.xiaoyuanxianyu.web.api.UserApiController.list()
2018-06-01 17:53:12.220  INFO 8184 --- [restartedMain] s.w.s.m.m.a.RequestMappingHandlerMapping : Mapped "{[/api/user/openid/{openid}],methods=[GET]}" onto public top.fanfpy.xiaoyuanxianyu.VO.ResultVO top.fanfpy.xiaoyuanxianyu.web.api.UserApiController.findByOpenid(java.lang.String)
2018-06-01 17:53:12.221  INFO 8184 --- [restartedMain] s.w.s.m.m.a.RequestMappingHandlerMapping : Mapped "{[/api/user/],methods=[POST]}" onto public top.fanfpy.xiaoyuanxianyu.VO.ResultVO top.fanfpy.xiaoyuanxianyu.web.api.UserApiController.addUser(top.fanfpy.xiaoyuanxianyu.entity.User,org.springframework.validation.BindingResult)
2018-06-01 17:53:12.221  INFO 8184 --- [restartedMain] s.w.s.m.m.a.RequestMappingHandlerMapping : Mapped "{[/api/user/{id}],methods=[PUT]}" onto public top.fanfpy.xiaoyuanxianyu.VO.ResultVO top.fanfpy.xiaoyuanxianyu.web.api.UserApiController.upateUser(top.fanfpy.xiaoyuanxianyu.entity.User,org.springframework.validation.BindingResult,java.lang.Integer)
2018-06-01 17:53:12.223  INFO 8184 --- [restartedMain] s.w.s.m.m.a.RequestMappingHandlerMapping : Mapped "{[/error]}" onto public org.springframework.http.ResponseEntity<java.util.Map<java.lang.String, java.lang.Object>> org.springframework.boot.autoconfigure.web.servlet.error.BasicErrorController.error(javax.servlet.http.HttpServletRequest)
2018-06-01 17:53:12.223  INFO 8184 --- [restartedMain] s.w.s.m.m.a.RequestMappingHandlerMapping : Mapped "{[/error],produces=[text/html]}" onto public org.springframework.web.servlet.ModelAndView org.springframework.boot.autoconfigure.web.servlet.error.BasicErrorController.errorHtml(javax.servlet.http.HttpServletRequest,javax.servlet.http.HttpServletResponse)
2018-06-01 17:53:12.235  INFO 8184 --- [restartedMain] o.s.w.s.handler.SimpleUrlHandlerMapping  : Mapped URL path [/webjars/**] onto handler of type [class org.springframework.web.servlet.resource.ResourceHttpRequestHandler]
2018-06-01 17:53:12.235  INFO 8184 --- [restartedMain] o.s.w.s.handler.SimpleUrlHandlerMapping  : Mapped URL path [/**] onto handler of type [class org.springframework.web.servlet.resource.ResourceHttpRequestHandler]
2018-06-01 17:53:12.310  INFO 8184 --- [restartedMain] o.s.b.d.a.OptionalLiveReloadServer       : LiveReload server is running on port 35729
2018-06-01 17:53:12.325  INFO 8184 --- [restartedMain] o.s.j.e.a.AnnotationMBeanExporter        : Registering beans for JMX exposure on startup
2018-06-01 17:53:12.326  INFO 8184 --- [restartedMain] o.s.j.e.a.AnnotationMBeanExporter        : Bean with name 'dataSource' has been autodetected for JMX exposure
2018-06-01 17:53:12.329  INFO 8184 --- [restartedMain] o.s.j.e.a.AnnotationMBeanExporter        : Located MBean 'dataSource': registering with JMX server as MBean [com.zaxxer.hikari:name=dataSource,type=HikariDataSource]
2018-06-01 17:53:12.337  INFO 8184 --- [restartedMain] o.s.b.w.embedded.tomcat.TomcatWebServer  : Tomcat started on port(s): 8080 (http) with context path ''
2018-06-01 17:53:12.338  INFO 8184 --- [restartedMain] t.f.x.XiaoyuanxianyuApplication          : Started XiaoyuanxianyuApplication in 1.102 seconds (JVM running for 296.978)
2018-06-01 17:53:12.340  INFO 8184 --- [restartedMain] .ConditionEvaluationDeltaLoggingListener : Condition evaluation unchanged
2018-06-01 22:14:38.719  WARN 8184 --- [HikariPool-3 housekeeper] com.zaxxer.hikari.pool.HikariPool        : HikariPool-3 - Thread starvation or clock leap detected (housekeeper delta=3h26s423ms51µs555ns).
2018-06-01 22:54:31.720  WARN 8184 --- [HikariPool-3 housekeeper] com.zaxxer.hikari.pool.HikariPool        : HikariPool-3 - Thread starvation or clock leap detected (housekeeper delta=39m57s313ms748µs889ns).
