2018-05-30 20:43:08.582  INFO 992 --- [restartedMain] t.f.x.XiaoyuanxianyuApplication          : Starting XiaoyuanxianyuApplication on DESKTOP-QCJISRH with PID 992 (D:\project\IdeaProjects\xiaoyuanxianyu\target\classes started by fanfp in D:\project\IdeaProjects\xiaoyuanxianyu)
2018-05-30 20:43:08.592  INFO 992 --- [restartedMain] t.f.x.XiaoyuanxianyuApplication          : No active profile set, falling back to default profiles: default
2018-05-30 20:43:08.893  INFO 992 --- [restartedMain] ConfigServletWebServerApplicationContext : Refreshing org.springframework.boot.web.servlet.context.AnnotationConfigServletWebServerApplicationContext@29fd5b7c: startup date [Wed May 30 20:43:08 CST 2018]; root of context hierarchy
2018-05-30 20:43:10.292  WARN 992 --- [restartedMain] ConfigServletWebServerApplicationContext : Exception encountered during context initialization - cancelling refresh attempt: org.springframework.beans.factory.BeanDefinitionStoreException: Failed to parse configuration class [top.fanfpy.xiaoyuanxianyu.XiaoyuanxianyuApplication]; nested exception is java.io.FileNotFoundException: class path resource [top/fanfpy/xiaoyuanxianyu/web/api/GoodsApiController.class] cannot be opened because it does not exist
2018-05-30 20:43:10.430 ERROR 992 --- [restartedMain] o.s.boot.SpringApplication               : Application run failed

org.springframework.beans.factory.BeanDefinitionStoreException: Failed to parse configuration class [top.fanfpy.xiaoyuanxianyu.XiaoyuanxianyuApplication]; nested exception is java.io.FileNotFoundException: class path resource [top/fanfpy/xiaoyuanxianyu/web/api/GoodsApiController.class] cannot be opened because it does not exist
	at org.springframework.context.annotation.ConfigurationClassParser.parse(ConfigurationClassParser.java:184) ~[spring-context-5.0.5.RELEASE.jar:5.0.5.RELEASE]
	at org.springframework.context.annotation.ConfigurationClassPostProcessor.processConfigBeanDefinitions(ConfigurationClassPostProcessor.java:316) ~[spring-context-5.0.5.RELEASE.jar:5.0.5.RELEASE]
	at org.springframework.context.annotation.ConfigurationClassPostProcessor.postProcessBeanDefinitionRegistry(ConfigurationClassPostProcessor.java:233) ~[spring-context-5.0.5.RELEASE.jar:5.0.5.RELEASE]
	at org.springframework.context.support.PostProcessorRegistrationDelegate.invokeBeanDefinitionRegistryPostProcessors(PostProcessorRegistrationDelegate.java:273) ~[spring-context-5.0.5.RELEASE.jar:5.0.5.RELEASE]
	at org.springframework.context.support.PostProcessorRegistrationDelegate.invokeBeanFactoryPostProcessors(PostProcessorRegistrationDelegate.java:93) ~[spring-context-5.0.5.RELEASE.jar:5.0.5.RELEASE]
	at org.springframework.context.support.AbstractApplicationContext.invokeBeanFactoryPostProcessors(AbstractApplicationContext.java:694) ~[spring-context-5.0.5.RELEASE.jar:5.0.5.RELEASE]
	at org.springframework.context.support.AbstractApplicationContext.refresh(AbstractApplicationContext.java:532) ~[spring-context-5.0.5.RELEASE.jar:5.0.5.RELEASE]
	at org.springframework.boot.web.servlet.context.ServletWebServerApplicationContext.refresh(ServletWebServerApplicationContext.java:140) ~[spring-boot-2.0.1.RELEASE.jar:2.0.1.RELEASE]
	at org.springframework.boot.SpringApplication.refresh(SpringApplication.java:759) [spring-boot-2.0.1.RELEASE.jar:2.0.1.RELEASE]
	at org.springframework.boot.SpringApplication.refreshContext(SpringApplication.java:395) [spring-boot-2.0.1.RELEASE.jar:2.0.1.RELEASE]
	at org.springframework.boot.SpringApplication.run(SpringApplication.java:327) [spring-boot-2.0.1.RELEASE.jar:2.0.1.RELEASE]
	at org.springframework.boot.SpringApplication.run(SpringApplication.java:1255) [spring-boot-2.0.1.RELEASE.jar:2.0.1.RELEASE]
	at org.springframework.boot.SpringApplication.run(SpringApplication.java:1243) [spring-boot-2.0.1.RELEASE.jar:2.0.1.RELEASE]
	at top.fanfpy.xiaoyuanxianyu.XiaoyuanxianyuApplication.main(XiaoyuanxianyuApplication.java:17) [classes/:na]
	at sun.reflect.NativeMethodAccessorImpl.invoke0(Native Method) ~[na:1.8.0_162]
	at sun.reflect.NativeMethodAccessorImpl.invoke(NativeMethodAccessorImpl.java:62) ~[na:1.8.0_162]
	at sun.reflect.DelegatingMethodAccessorImpl.invoke(DelegatingMethodAccessorImpl.java:43) ~[na:1.8.0_162]
	at java.lang.reflect.Method.invoke(Method.java:498) ~[na:1.8.0_162]
	at org.springframework.boot.devtools.restart.RestartLauncher.run(RestartLauncher.java:49) [spring-boot-devtools-2.0.1.RELEASE.jar:2.0.1.RELEASE]
Caused by: java.io.FileNotFoundException: class path resource [top/fanfpy/xiaoyuanxianyu/web/api/GoodsApiController.class] cannot be opened because it does not exist
	at org.springframework.core.io.ClassPathResource.getInputStream(ClassPathResource.java:180) ~[spring-core-5.0.5.RELEASE.jar:5.0.5.RELEASE]
	at org.springframework.core.type.classreading.SimpleMetadataReader.<init>(SimpleMetadataReader.java:51) ~[spring-core-5.0.5.RELEASE.jar:5.0.5.RELEASE]
	at org.springframework.core.type.classreading.SimpleMetadataReaderFactory.getMetadataReader(SimpleMetadataReaderFactory.java:103) ~[spring-core-5.0.5.RELEASE.jar:5.0.5.RELEASE]
	at org.springframework.boot.type.classreading.ConcurrentReferenceCachingMetadataReaderFactory.createMetadataReader(ConcurrentReferenceCachingMetadataReaderFactory.java:88) ~[spring-boot-2.0.1.RELEASE.jar:2.0.1.RELEASE]
	at org.springframework.boot.type.classreading.ConcurrentReferenceCachingMetadataReaderFactory.getMetadataReader(ConcurrentReferenceCachingMetadataReaderFactory.java:75) ~[spring-boot-2.0.1.RELEASE.jar:2.0.1.RELEASE]
	at org.springframework.core.type.classreading.SimpleMetadataReaderFactory.getMetadataReader(SimpleMetadataReaderFactory.java:81) ~[spring-core-5.0.5.RELEASE.jar:5.0.5.RELEASE]
	at org.springframework.context.annotation.ConfigurationClassParser.parse(ConfigurationClassParser.java:193) ~[spring-context-5.0.5.RELEASE.jar:5.0.5.RELEASE]
	at org.springframework.context.annotation.ConfigurationClassParser.doProcessConfigurationClass(ConfigurationClassParser.java:293) ~[spring-context-5.0.5.RELEASE.jar:5.0.5.RELEASE]
	at org.springframework.context.annotation.ConfigurationClassParser.processConfigurationClass(ConfigurationClassParser.java:245) ~[spring-context-5.0.5.RELEASE.jar:5.0.5.RELEASE]
	at org.springframework.context.annotation.ConfigurationClassParser.parse(ConfigurationClassParser.java:202) ~[spring-context-5.0.5.RELEASE.jar:5.0.5.RELEASE]
	at org.springframework.context.annotation.ConfigurationClassParser.parse(ConfigurationClassParser.java:170) ~[spring-context-5.0.5.RELEASE.jar:5.0.5.RELEASE]
	... 18 common frames omitted

2018-05-30 20:44:14.982  INFO 18656 --- [main] t.f.x.XiaoyuanxianyuApplicationTests     : Starting XiaoyuanxianyuApplicationTests on DESKTOP-QCJISRH with PID 18656 (started by fanfp in D:\project\IdeaProjects\xiaoyuanxianyu)
2018-05-30 20:44:14.988  INFO 18656 --- [main] t.f.x.XiaoyuanxianyuApplicationTests     : No active profile set, falling back to default profiles: default
2018-05-30 20:44:15.196  INFO 18656 --- [main] o.s.w.c.s.GenericWebApplicationContext   : Refreshing org.springframework.web.context.support.GenericWebApplicationContext@660acfb: startup date [Wed May 30 20:44:15 CST 2018]; root of context hierarchy
2018-05-30 20:44:20.389  INFO 18656 --- [main] trationDelegate$BeanPostProcessorChecker : Bean 'org.springframework.transaction.annotation.ProxyTransactionManagementConfiguration' of type [org.springframework.transaction.annotation.ProxyTransactionManagementConfiguration$$EnhancerBySpringCGLIB$$ca72680b] is not eligible for getting processed by all BeanPostProcessors (for example: not eligible for auto-proxying)
2018-05-30 20:44:21.677  INFO 18656 --- [main] com.zaxxer.hikari.HikariDataSource       : HikariPool-1 - Starting...
2018-05-30 20:44:22.841  INFO 18656 --- [main] com.zaxxer.hikari.HikariDataSource       : HikariPool-1 - Start completed.
2018-05-30 20:44:23.126  INFO 18656 --- [main] j.LocalContainerEntityManagerFactoryBean : Building JPA container EntityManagerFactory for persistence unit 'default'
2018-05-30 20:44:29.311  INFO 18656 --- [main] j.LocalContainerEntityManagerFactoryBean : Initialized JPA EntityManagerFactory for persistence unit 'default'
2018-05-30 20:44:33.773  INFO 18656 --- [main] o.s.w.s.handler.SimpleUrlHandlerMapping  : Mapped URL path [/**/favicon.ico] onto handler of type [class org.springframework.web.servlet.resource.ResourceHttpRequestHandler]
2018-05-30 20:44:35.398  INFO 18656 --- [main] s.w.s.m.m.a.RequestMappingHandlerAdapter : Looking for @ControllerAdvice: org.springframework.web.context.support.GenericWebApplicationContext@660acfb: startup date [Wed May 30 20:44:15 CST 2018]; root of context hierarchy
2018-05-30 20:44:35.550  WARN 18656 --- [main] aWebConfiguration$JpaWebMvcConfiguration : spring.jpa.open-in-view is enabled by default. Therefore, database queries may be performed during view rendering. Explicitly configure spring.jpa.open-in-view to disable this warning
2018-05-30 20:44:35.712  INFO 18656 --- [main] s.w.s.m.m.a.RequestMappingHandlerMapping : Mapped "{[/api/comments/{goodId}],methods=[GET]}" onto public top.fanfpy.xiaoyuanxianyu.VO.ResultVO top.fanfpy.xiaoyuanxianyu.web.api.CommentsController.getCommentsByGoodsId(java.lang.Integer)
2018-05-30 20:44:35.719  INFO 18656 --- [main] s.w.s.m.m.a.RequestMappingHandlerMapping : Mapped "{[/api/comments/],methods=[POST]}" onto public void top.fanfpy.xiaoyuanxianyu.web.api.CommentsController.saveComments(top.fanfpy.xiaoyuanxianyu.entity.Comments)
2018-05-30 20:44:35.722  INFO 18656 --- [main] s.w.s.m.m.a.RequestMappingHandlerMapping : Mapped "{[/api/comments/{Commentsid}],methods=[DELETE]}" onto public void top.fanfpy.xiaoyuanxianyu.web.api.CommentsController.delComments(java.lang.Integer)
2018-05-30 20:44:35.737  INFO 18656 --- [main] s.w.s.m.m.a.RequestMappingHandlerMapping : Mapped "{[/api/goods/class],methods=[GET]}" onto public top.fanfpy.xiaoyuanxianyu.VO.ResultVO top.fanfpy.xiaoyuanxianyu.web.api.GoodsApiController.listClassifiction()
2018-05-30 20:44:35.739  INFO 18656 --- [main] s.w.s.m.m.a.RequestMappingHandlerMapping : Mapped "{[/api/goods/id/{id}],methods=[GET]}" onto public top.fanfpy.xiaoyuanxianyu.VO.ResultVO<java.lang.Object> top.fanfpy.xiaoyuanxianyu.web.api.GoodsApiController.getGoodsId(java.lang.Integer)
2018-05-30 20:44:35.741  INFO 18656 --- [main] s.w.s.m.m.a.RequestMappingHandlerMapping : Mapped "{[/api/goods/hot/{num}],methods=[GET]}" onto public top.fanfpy.xiaoyuanxianyu.VO.ResultVO<java.lang.Object> top.fanfpy.xiaoyuanxianyu.web.api.GoodsApiController.getHotGoodsList(java.lang.Integer)
2018-05-30 20:44:35.742  INFO 18656 --- [main] s.w.s.m.m.a.RequestMappingHandlerMapping : Mapped "{[/api/goods/{id}],methods=[PUT]}" onto public void top.fanfpy.xiaoyuanxianyu.web.api.GoodsApiController.updateGoods(top.fanfpy.xiaoyuanxianyu.entity.Goods)
2018-05-30 20:44:35.743  INFO 18656 --- [main] s.w.s.m.m.a.RequestMappingHandlerMapping : Mapped "{[/api/goods/new/{num}],methods=[GET]}" onto public top.fanfpy.xiaoyuanxianyu.VO.ResultVO<java.lang.Object> top.fanfpy.xiaoyuanxianyu.web.api.GoodsApiController.getNewGoodsList(java.lang.Integer)
2018-05-30 20:44:35.753  INFO 18656 --- [main] s.w.s.m.m.a.RequestMappingHandlerMapping : Mapped "{[/api/goods/],methods=[POST]}" onto public void top.fanfpy.xiaoyuanxianyu.web.api.GoodsApiController.saveGoods(top.fanfpy.xiaoyuanxianyu.entity.Goods)
2018-05-30 20:44:35.756  INFO 18656 --- [main] s.w.s.m.m.a.RequestMappingHandlerMapping : Mapped "{[/api/goods/add],methods=[POST]}" onto public top.fanfpy.xiaoyuanxianyu.VO.ResultVO top.fanfpy.xiaoyuanxianyu.web.api.GoodsApiController.addGoods(top.fanfpy.xiaoyuanxianyu.entity.Goods)
2018-05-30 20:44:35.760  INFO 18656 --- [main] s.w.s.m.m.a.RequestMappingHandlerMapping : Mapped "{[/api/img/add],methods=[POST]}" onto public top.fanfpy.xiaoyuanxianyu.entity.GoodsImg top.fanfpy.xiaoyuanxianyu.web.api.GoodsImgApiController.addImg(javax.servlet.http.HttpServletRequest,org.springframework.web.multipart.MultipartFile,java.lang.Integer)
2018-05-30 20:44:35.786  INFO 18656 --- [main] s.w.s.m.m.a.RequestMappingHandlerMapping : Mapped "{[/api/user/list],methods=[GET]}" onto public top.fanfpy.xiaoyuanxianyu.VO.ResultVO top.fanfpy.xiaoyuanxianyu.web.api.UserApiController.list()
2018-05-30 20:44:35.789  INFO 18656 --- [main] s.w.s.m.m.a.RequestMappingHandlerMapping : Mapped "{[/api/user/openid/{openid}],methods=[GET]}" onto public top.fanfpy.xiaoyuanxianyu.VO.ResultVO top.fanfpy.xiaoyuanxianyu.web.api.UserApiController.findByOpenid(java.lang.String)
2018-05-30 20:44:35.792  INFO 18656 --- [main] s.w.s.m.m.a.RequestMappingHandlerMapping : Mapped "{[/api/user/{id}],methods=[PUT]}" onto public top.fanfpy.xiaoyuanxianyu.VO.ResultVO top.fanfpy.xiaoyuanxianyu.web.api.UserApiController.upateUser(top.fanfpy.xiaoyuanxianyu.entity.User,org.springframework.validation.BindingResult,java.lang.Integer)
2018-05-30 20:44:35.797  INFO 18656 --- [main] s.w.s.m.m.a.RequestMappingHandlerMapping : Mapped "{[/api/user/],methods=[POST]}" onto public top.fanfpy.xiaoyuanxianyu.VO.ResultVO top.fanfpy.xiaoyuanxianyu.web.api.UserApiController.addUser(top.fanfpy.xiaoyuanxianyu.entity.User,org.springframework.validation.BindingResult)
2018-05-30 20:44:35.804  INFO 18656 --- [main] s.w.s.m.m.a.RequestMappingHandlerMapping : Mapped "{[/error]}" onto public org.springframework.http.ResponseEntity<java.util.Map<java.lang.String, java.lang.Object>> org.springframework.boot.autoconfigure.web.servlet.error.BasicErrorController.error(javax.servlet.http.HttpServletRequest)
2018-05-30 20:44:35.807  INFO 18656 --- [main] s.w.s.m.m.a.RequestMappingHandlerMapping : Mapped "{[/error],produces=[text/html]}" onto public org.springframework.web.servlet.ModelAndView org.springframework.boot.autoconfigure.web.servlet.error.BasicErrorController.errorHtml(javax.servlet.http.HttpServletRequest,javax.servlet.http.HttpServletResponse)
2018-05-30 20:44:35.954  INFO 18656 --- [main] o.s.w.s.handler.SimpleUrlHandlerMapping  : Mapped URL path [/webjars/**] onto handler of type [class org.springframework.web.servlet.resource.ResourceHttpRequestHandler]
2018-05-30 20:44:35.955  INFO 18656 --- [main] o.s.w.s.handler.SimpleUrlHandlerMapping  : Mapped URL path [/**] onto handler of type [class org.springframework.web.servlet.resource.ResourceHttpRequestHandler]
2018-05-30 20:44:37.301  INFO 18656 --- [main] t.f.x.XiaoyuanxianyuApplicationTests     : Started XiaoyuanxianyuApplicationTests in 23.332 seconds (JVM running for 26.821)
2018-05-30 20:44:38.071  INFO 18656 --- [Thread-3] o.s.w.c.s.GenericWebApplicationContext   : Closing org.springframework.web.context.support.GenericWebApplicationContext@660acfb: startup date [Wed May 30 20:44:15 CST 2018]; root of context hierarchy
2018-05-30 20:44:38.089  INFO 18656 --- [Thread-3] j.LocalContainerEntityManagerFactoryBean : Closing JPA EntityManagerFactory for persistence unit 'default'
2018-05-30 20:44:38.096  INFO 18656 --- [Thread-3] com.zaxxer.hikari.HikariDataSource       : HikariPool-1 - Shutdown initiated...
2018-05-30 20:44:38.124  INFO 18656 --- [Thread-3] com.zaxxer.hikari.HikariDataSource       : HikariPool-1 - Shutdown completed.
